{
  level: 'info',
  message: '[Xatolik -> Invalid data not allowed req.body?  !] [stack ->     at registerValidate (file:///home/fayzullo/Desktop/FN_3/awsservertest/src/middlewares/user%20validator.js:9:19)]',
  label: '    at registerValidate (file:///home/fayzullo/Desktop/FN_3/awsservertest/src/middlewares/user%20validator.js:9:19)',
  timestamp: '2025-06-02T21:16:07.922Z'
}
{
  level: 'info',
  message: '[Xatolik -> Invalid data not allowed req.body?  !] [stack ->     at registerValidate (file:///home/fayzullo/Desktop/FN_3/awsservertest/src/middlewares/user%20validator.js:9:19)]',
  label: '    at registerValidate (file:///home/fayzullo/Desktop/FN_3/awsservertest/src/middlewares/user%20validator.js:9:19)',
  timestamp: '2025-06-02T21:16:56.470Z'
}
{
  level: 'info',
  message: '[Xatolik -> Invalid data not allowed req.body?  !] [stack ->     at registerValidate (file:///home/fayzullo/Desktop/FN_3/awsservertest/src/middlewares/user%20validator.js:9:19)]',
  label: '    at registerValidate (file:///home/fayzullo/Desktop/FN_3/awsservertest/src/middlewares/user%20validator.js:9:19)',
  timestamp: '2025-06-02T21:17:33.387Z'
}
{
  level: 'info',
  message: '[Xatolik -> User not found !] [stack ->     at checkExists (file:///home/fayzullo/Desktop/FN_3/awsservertest/src/utils/helper/checkExists.js:6:15)]',
  label: '    at checkExists (file:///home/fayzullo/Desktop/FN_3/awsservertest/src/utils/helper/checkExists.js:6:15)',
  timestamp: '2025-06-02T21:18:04.276Z'
}
{
  level: 'info',
  message: '[Xatolik -> "password" is required] [stack ->     at registerValidate (file:///home/fayzullo/Desktop/FN_3/awsservertest/src/middlewares/user%20validator.js:13:19)]',
  label: '    at registerValidate (file:///home/fayzullo/Desktop/FN_3/awsservertest/src/middlewares/user%20validator.js:13:19)',
  timestamp: '2025-06-02T21:20:07.912Z'
}
{
  level: 'info',
  message: '[Xatolik -> "password" length must be at least 8 characters long] [stack ->     at registerValidate (file:///home/fayzullo/Desktop/FN_3/awsservertest/src/middlewares/user%20validator.js:13:19)]',
  label: '    at registerValidate (file:///home/fayzullo/Desktop/FN_3/awsservertest/src/middlewares/user%20validator.js:13:19)',
  timestamp: '2025-06-02T21:20:27.028Z'
}
{
  level: 'info',
  message: '[Xatolik -> User already exists Fayzillo] [stack ->     at registerValidate (file:///home/fayzullo/Desktop/FN_3/awsservertest/src/middlewares/user%20validator.js:17:19)]',
  label: '    at registerValidate (file:///home/fayzullo/Desktop/FN_3/awsservertest/src/middlewares/user%20validator.js:17:19)',
  timestamp: '2025-06-02T21:29:23.015Z'
}
{
  level: 'info',
  message: '[Xatolik -> User already exists Fayzillo] [stack ->     at registerValidate (file:///home/fayzullo/Desktop/FN_3/awsservertest/src/middlewares/user%20validator.js:17:19)]',
  label: '    at registerValidate (file:///home/fayzullo/Desktop/FN_3/awsservertest/src/middlewares/user%20validator.js:17:19)',
  timestamp: '2025-06-02T21:29:45.009Z'
}
{
  level: 'info',
  message: '[Xatolik -> User already exists Fayzillo] [stack ->     at registerValidate (file:///home/fayzullo/Desktop/FN_3/awsservertest/src/middlewares/user%20validator.js:17:19)]',
  label: '    at registerValidate (file:///home/fayzullo/Desktop/FN_3/awsservertest/src/middlewares/user%20validator.js:17:19)',
  timestamp: '2025-06-02T21:30:42.217Z'
}
{
  level: 'info',
  message: '[Xatolik -> Invalid data not allowed req.body?  !] [stack ->     at loginValidation (file:///home/fayzullo/Desktop/FN_3/awsservertest/src/middlewares/user%20validator.js:28:19)]',
  label: '    at loginValidation (file:///home/fayzullo/Desktop/FN_3/awsservertest/src/middlewares/user%20validator.js:28:19)',
  timestamp: '2025-06-02T21:35:26.142Z'
}
{
  level: 'info',
  message: '[Xatolik -> User already exists Fayzillo !] [stack ->     at loginValidation (file:///home/fayzullo/Desktop/FN_3/awsservertest/src/middlewares/user%20validator.js:32:19)]',
  label: '    at loginValidation (file:///home/fayzullo/Desktop/FN_3/awsservertest/src/middlewares/user%20validator.js:32:19)',
  timestamp: '2025-06-02T21:36:09.398Z'
}
{
  level: 'info',
  message: '[Xatolik -> User not found !] [stack ->     at checkExists (file:///home/fayzullo/Desktop/FN_3/awsservertest/src/utils/helper/checkExists.js:6:15)]',
  label: '    at checkExists (file:///home/fayzullo/Desktop/FN_3/awsservertest/src/utils/helper/checkExists.js:6:15)',
  timestamp: '2025-06-02T21:36:29.258Z'
}
{
  level: 'info',
  message: '[Xatolik -> User not found !] [stack ->     at checkExists (file:///home/fayzullo/Desktop/FN_3/awsservertest/src/utils/helper/checkExists.js:6:15)]',
  label: '    at checkExists (file:///home/fayzullo/Desktop/FN_3/awsservertest/src/utils/helper/checkExists.js:6:15)',
  timestamp: '2025-06-02T21:39:15.455Z'
}
{
  level: 'info',
  message: '[Xatolik -> Token  not found !] [stack ->     at checkToken (file:///home/fayzullo/Desktop/FN_3/awsservertest/src/middlewares/checkToken.js:9:19)]',
  label: '    at checkToken (file:///home/fayzullo/Desktop/FN_3/awsservertest/src/middlewares/checkToken.js:9:19)',
  timestamp: '2025-06-02T21:41:19.600Z'
}
{
  level: 'info',
  message: '[Xatolik -> jwt must be provided] [stack ->     at module.exports [as verify] (/home/fayzullo/Desktop/FN_3/awsservertest/node_modules/jsonwebtoken/verify.js:60:17)]',
  label: '    at module.exports [as verify] (/home/fayzullo/Desktop/FN_3/awsservertest/node_modules/jsonwebtoken/verify.js:60:17)',
  timestamp: '2025-06-02T21:43:08.241Z'
}
{
  level: 'info',
  message: '[Xatolik -> jwt must be provided] [stack ->     at module.exports [as verify] (/home/fayzullo/Desktop/FN_3/awsservertest/node_modules/jsonwebtoken/verify.js:60:17)]',
  label: '    at module.exports [as verify] (/home/fayzullo/Desktop/FN_3/awsservertest/node_modules/jsonwebtoken/verify.js:60:17)',
  timestamp: '2025-06-02T21:43:20.366Z'
}
{
  level: 'info',
  message: '[Xatolik -> User not found !] [stack ->     at checkExists (file:///home/fayzullo/Desktop/FN_3/awsservertest/src/utils/helper/checkExists.js:6:15)]',
  label: '    at checkExists (file:///home/fayzullo/Desktop/FN_3/awsservertest/src/utils/helper/checkExists.js:6:15)',
  timestamp: '2025-06-02T21:49:11.752Z'
}
{
  level: 'info',
  message: '[Xatolik -> User not found !] [stack ->     at checkExists (file:///home/fayzullo/Desktop/FN_3/awsservertest/src/utils/helper/checkExists.js:6:15)]',
  label: '    at checkExists (file:///home/fayzullo/Desktop/FN_3/awsservertest/src/utils/helper/checkExists.js:6:15)',
  timestamp: '2025-06-02T21:51:10.044Z'
}
{
  level: 'info',
  message: '[Xatolik -> User not found !] [stack ->     at checkExists (file:///home/fayzullo/Desktop/FN_3/awsservertest/src/utils/helper/checkExists.js:6:15)]',
  label: '    at checkExists (file:///home/fayzullo/Desktop/FN_3/awsservertest/src/utils/helper/checkExists.js:6:15)',
  timestamp: '2025-06-02T21:52:35.868Z'
}
{
  level: 'info',
  message: '[Xatolik -> Expected double-quoted property name in JSON at position 39 (line 3 column 1)] [stack ->     at JSON.parse (<anonymous>)]',
  label: '    at JSON.parse (<anonymous>)',
  timestamp: '2025-06-02T22:02:07.222Z'
}
